Wed 11 Dec 2019 09:43:26 AM UTC h
Wed 11 Dec 2019 10:00:20 AM UTC: e
--------
Mi 11 Dez 2019 11:10:45 CET: e
Mi 11 Dez 2019 12:00:45 CET: r
Mi 11 Dez 2019 13:00:46 CET: _
Mi 11 Dez 2019 14:00:47 CET: D
Mi 11 Dez 2019 15:00:47 CET: A
Mi 11 Dez 2019 16:00:47 CET: I
Mi 11 Dez 2019 17:00:48 CET: L
Mi 11 Dez 2019 18:00:48 CET: Y
Mi 11 Dez 2019 19:00:49 CET: _
Mi 11 Dez 2019 20:00:49 CET: f
Mi 11 Dez 2019 21:00:49 CET: l
Mi 11 Dez 2019 22:00:50 CET: 4
Mi 11 Dez 2019 23:04:44 CET: g
Do 12 Dez 2019 00:04:45 CET: }
Do 12 Dez 2019 01:04:45 CET: H
Do 12 Dez 2019 02:04:45 CET: V
Do 12 Dez 2019 03:04:46 CET: 1
Do 12 Dez 2019 04:04:46 CET: 9
Do 12 Dez 2019 05:04:46 CET: {
Do 12 Dez 2019 06:04:47 CET: a
Do 12 Dez 2019 07:04:47 CET: n
Do 12 Dez 2019 08:04:47 CET: 0
Do 12 Dez 2019 09:04:48 CET: t